# JRE version: Java(TM) SE Runtime Environment (8.0_371) (build 1.8.0_371-b11)
# Java VM: Java HotSpot(TM) 64-Bit Server VM (25.371-b11 mixed mode windows-amd64 compressed oops)
Heap:
 PSYoungGen      total 261632K, used 174379K [0x00000000d6000000, 0x00000000ec200000, 0x0000000100000000)
  eden space 256512K, 66% used [0x00000000d6000000,0x00000000e05aec08,0x00000000e5a80000)
  from space 5120K, 92% used [0x00000000e9c80000,0x00000000ea11c280,0x00000000ea180000)
  to   space 20992K, 0% used [0x00000000ead80000,0x00000000ead80000,0x00000000ec200000)
 ParOldGen       total 103936K, used 23059K [0x0000000082000000, 0x0000000088580000, 0x00000000d6000000)
  object space 103936K, 22% used [0x0000000082000000,0x0000000083684eb0,0x0000000088580000)
 Metaspace       used 64597K, capacity 68422K, committed 68696K, reserved 1110016K
  class space    used 8429K, capacity 9062K, committed 9088K, reserved 1048576K
GC Heap History (10 events):
Event: 25.382 GC heap before
{Heap before GC invocations=12 (full 3):
 PSYoungGen      total 233472K, used 9416K [0x00000000d6000000, 0x00000000ea480000, 0x0000000100000000)
  eden space 210944K, 0% used [0x00000000d6000000,0x00000000d6000000,0x00000000e2e00000)
  from space 22528K, 41% used [0x00000000e2e00000,0x00000000e37320d0,0x00000000e4400000)
  to   space 22016K, 0% used [0x00000000e8f00000,0x00000000e8f00000,0x00000000ea480000)
 ParOldGen       total 89088K, used 23776K [0x0000000082000000, 0x0000000087700000, 0x00000000d6000000)
  object space 89088K, 26% used [0x0000000082000000,0x00000000837382f8,0x0000000087700000)
 Metaspace       used 55829K, capacity 58930K, committed 59028K, reserved 1099776K
  class space    used 7603K, capacity 8140K, committed 8192K, reserved 1048576K
Event: 25.615 GC heap after
Heap after GC invocations=12 (full 3):
 PSYoungGen      total 233472K, used 0K [0x00000000d6000000, 0x00000000ea480000, 0x0000000100000000)
  eden space 210944K, 0% used [0x00000000d6000000,0x00000000d6000000,0x00000000e2e00000)
  from space 22528K, 0% used [0x00000000e2e00000,0x00000000e2e00000,0x00000000e4400000)
  to   space 22016K, 0% used [0x00000000e8f00000,0x00000000e8f00000,0x00000000ea480000)
 ParOldGen       total 103936K, used 23019K [0x0000000082000000, 0x0000000088580000, 0x00000000d6000000)
  object space 103936K, 22% used [0x0000000082000000,0x000000008367aeb0,0x0000000088580000)
 Metaspace       used 55829K, capacity 58930K, committed 59028K, reserved 1099776K
  class space    used 7603K, capacity 8140K, committed 8192K, reserved 1048576K
}
Event: 524.897 GC heap before
{Heap before GC invocations=13 (full 3):
 PSYoungGen      total 233472K, used 210944K [0x00000000d6000000, 0x00000000ea480000, 0x0000000100000000)
  eden space 210944K, 100% used [0x00000000d6000000,0x00000000e2e00000,0x00000000e2e00000)
  from space 22528K, 0% used [0x00000000e2e00000,0x00000000e2e00000,0x00000000e4400000)
  to   space 22016K, 0% used [0x00000000e8f00000,0x00000000e8f00000,0x00000000ea480000)
 ParOldGen       total 103936K, used 23019K [0x0000000082000000, 0x0000000088580000, 0x00000000d6000000)
  object space 103936K, 22% used [0x0000000082000000,0x000000008367aeb0,0x0000000088580000)
 Metaspace       used 64524K, capacity 68422K, committed 68696K, reserved 1110016K
  class space    used 8426K, capacity 9062K, committed 9088K, reserved 1048576K
Event: 524.919 GC heap after
Heap after GC invocations=13 (full 3):
 PSYoungGen      total 281600K, used 9181K [0x00000000d6000000, 0x00000000e9800000, 0x0000000100000000)
  eden space 272384K, 0% used [0x00000000d6000000,0x00000000d6000000,0x00000000e6a00000)
  from space 9216K, 99% used [0x00000000e8f00000,0x00000000e97f7638,0x00000000e9800000)
  to   space 20992K, 0% used [0x00000000e6f00000,0x00000000e6f00000,0x00000000e8380000)
 ParOldGen       total 103936K, used 23027K [0x0000000082000000, 0x0000000088580000, 0x00000000d6000000)
  object space 103936K, 22% used [0x0000000082000000,0x000000008367ceb0,0x0000000088580000)
 Metaspace       used 64524K, capacity 68422K, committed 68696K, reserved 1110016K
  class space    used 8426K, capacity 9062K, committed 9088K, reserved 1048576K
}
Event: 569.945 GC heap before
{Heap before GC invocations=14 (full 3):
 PSYoungGen      total 281600K, used 281565K [0x00000000d6000000, 0x00000000e9800000, 0x0000000100000000)
  eden space 272384K, 100% used [0x00000000d6000000,0x00000000e6a00000,0x00000000e6a00000)
  from space 9216K, 99% used [0x00000000e8f00000,0x00000000e97f7638,0x00000000e9800000)
  to   space 20992K, 0% used [0x00000000e6f00000,0x00000000e6f00000,0x00000000e8380000)
 ParOldGen       total 103936K, used 23027K [0x0000000082000000, 0x0000000088580000, 0x00000000d6000000)
  object space 103936K, 22% used [0x0000000082000000,0x000000008367ceb0,0x0000000088580000)
 Metaspace       used 64559K, capacity 68422K, committed 68696K, reserved 1110016K
  class space    used 8428K, capacity 9062K, committed 9088K, reserved 1048576K
Event: 571.349 GC heap after
Heap after GC invocations=14 (full 3):
 PSYoungGen      total 298496K, used 4752K [0x00000000d6000000, 0x00000000ed680000, 0x0000000100000000)
  eden space 277504K, 0% used [0x00000000d6000000,0x00000000d6000000,0x00000000e6f00000)
  from space 20992K, 22% used [0x00000000e6f00000,0x00000000e73a42a0,0x00000000e8380000)
  to   space 21504K, 0% used [0x00000000ec180000,0x00000000ec180000,0x00000000ed680000)
 ParOldGen       total 103936K, used 23043K [0x0000000082000000, 0x0000000088580000, 0x00000000d6000000)
  object space 103936K, 22% used [0x0000000082000000,0x0000000083680eb0,0x0000000088580000)
 Metaspace       used 64559K, capacity 68422K, committed 68696K, reserved 1110016K
  class space    used 8428K, capacity 9062K, committed 9088K, reserved 1048576K
}
Event: 611.910 GC heap before
{Heap before GC invocations=15 (full 3):
 PSYoungGen      total 298496K, used 282256K [0x00000000d6000000, 0x00000000ed680000, 0x0000000100000000)
  eden space 277504K, 100% used [0x00000000d6000000,0x00000000e6f00000,0x00000000e6f00000)
  from space 20992K, 22% used [0x00000000e6f00000,0x00000000e73a42a0,0x00000000e8380000)
  to   space 21504K, 0% used [0x00000000ec180000,0x00000000ec180000,0x00000000ed680000)
 ParOldGen       total 103936K, used 23043K [0x0000000082000000, 0x0000000088580000, 0x00000000d6000000)
  object space 103936K, 22% used [0x0000000082000000,0x0000000083680eb0,0x0000000088580000)
 Metaspace       used 64579K, capacity 68422K, committed 68696K, reserved 1110016K
  class space    used 8429K, capacity 9062K, committed 9088K, reserved 1048576K
Event: 611.985 GC heap after
Heap after GC invocations=15 (full 3):
 PSYoungGen      total 271872K, used 4720K [0x00000000d6000000, 0x00000000ec680000, 0x0000000100000000)
  eden space 266752K, 0% used [0x00000000d6000000,0x00000000d6000000,0x00000000e6480000)
  from space 5120K, 92% used [0x00000000ec180000,0x00000000ec61c250,0x00000000ec680000)
  to   space 21504K, 0% used [0x00000000e9c80000,0x00000000e9c80000,0x00000000eb180000)
 ParOldGen       total 103936K, used 23051K [0x0000000082000000, 0x0000000088580000, 0x00000000d6000000)
  object space 103936K, 22% used [0x0000000082000000,0x0000000083682eb0,0x0000000088580000)
 Metaspace       used 64579K, capacity 68422K, committed 68696K, reserved 1110016K
  class space    used 8429K, capacity 9062K, committed 9088K, reserved 1048576K
}
Event: 656.450 GC heap before
{Heap before GC invocations=16 (full 3):
 PSYoungGen      total 271872K, used 271472K [0x00000000d6000000, 0x00000000ec680000, 0x0000000100000000)
  eden space 266752K, 100% used [0x00000000d6000000,0x00000000e6480000,0x00000000e6480000)
  from space 5120K, 92% used [0x00000000ec180000,0x00000000ec61c250,0x00000000ec680000)
  to   space 21504K, 0% used [0x00000000e9c80000,0x00000000e9c80000,0x00000000eb180000)
 ParOldGen       total 103936K, used 23051K [0x0000000082000000, 0x0000000088580000, 0x00000000d6000000)
  object space 103936K, 22% used [0x0000000082000000,0x0000000083682eb0,0x0000000088580000)
 Metaspace       used 64597K, capacity 68422K, committed 68696K, reserved 1110016K
  class space    used 8429K, capacity 9062K, committed 9088K, reserved 1048576K
Event: 656.464 GC heap after
Heap after GC invocations=16 (full 3):
 PSYoungGen      total 261632K, used 4720K [0x00000000d6000000, 0x00000000ec200000, 0x0000000100000000)
  eden space 256512K, 0% used [0x00000000d6000000,0x00000000d6000000,0x00000000e5a80000)
  from space 5120K, 92% used [0x00000000e9c80000,0x00000000ea11c280,0x00000000ea180000)
  to   space 20992K, 0% used [0x00000000ead80000,0x00000000ead80000,0x00000000ec200000)
 ParOldGen       total 103936K, used 23059K [0x0000000082000000, 0x0000000088580000, 0x00000000d6000000)
  object space 103936K, 22% used [0x0000000082000000,0x0000000083684eb0,0x0000000088580000)
 Metaspace       used 64597K, capacity 68422K, committed 68696K, reserved 1110016K
  class space    used 8429K, capacity 9062K, committed 9088K, reserved 1048576K
}

