# JRE version: Java(TM) SE Runtime Environment (8.0_371) (build 1.8.0_371-b11)
# Java VM: Java HotSpot(TM) 64-Bit Server VM (25.371-b11 mixed mode windows-amd64 compressed oops)
Heap:
 PSYoungGen      total 350720K, used 91173K [0x00000000d6000000, 0x00000000ed000000, 0x0000000100000000)
  eden space 329216K, 26% used [0x00000000d6000000,0x00000000db4812c0,0x00000000ea180000)
  from space 21504K, 21% used [0x00000000eb680000,0x00000000ebb08228,0x00000000ecb80000)
  to   space 21504K, 0% used [0x00000000ea180000,0x00000000ea180000,0x00000000eb680000)
 ParOldGen       total 103936K, used 22789K [0x0000000082000000, 0x0000000088580000, 0x00000000d6000000)
  object space 103936K, 21% used [0x0000000082000000,0x0000000083641480,0x0000000088580000)
 Metaspace       used 64471K, capacity 68278K, committed 68440K, reserved 1107968K
  class space    used 8417K, capacity 9048K, committed 9088K, reserved 1048576K
GC Heap History (10 events):
Event: 21.790 GC heap before
{Heap before GC invocations=11 (full 2):
 PSYoungGen      total 227840K, used 50098K [0x00000000d6000000, 0x00000000e5f00000, 0x0000000100000000)
  eden space 208384K, 14% used [0x00000000d6000000,0x00000000d7ded9b0,0x00000000e2b80000)
  from space 19456K, 99% used [0x00000000e4200000,0x00000000e54ff1e8,0x00000000e5500000)
  to   space 23040K, 0% used [0x00000000e2b80000,0x00000000e2b80000,0x00000000e4200000)
 ParOldGen       total 89088K, used 24509K [0x0000000082000000, 0x0000000087700000, 0x00000000d6000000)
  object space 89088K, 27% used [0x0000000082000000,0x00000000837ef538,0x0000000087700000)
 Metaspace       used 55830K, capacity 58918K, committed 59028K, reserved 1099776K
  class space    used 7604K, capacity 8138K, committed 8192K, reserved 1048576K
Event: 21.804 GC heap after
Heap after GC invocations=11 (full 2):
 PSYoungGen      total 231424K, used 9240K [0x00000000d6000000, 0x00000000ea680000, 0x0000000100000000)
  eden space 208384K, 0% used [0x00000000d6000000,0x00000000d6000000,0x00000000e2b80000)
  from space 23040K, 40% used [0x00000000e2b80000,0x00000000e34860c0,0x00000000e4200000)
  to   space 22016K, 0% used [0x00000000e9100000,0x00000000e9100000,0x00000000ea680000)
 ParOldGen       total 89088K, used 24517K [0x0000000082000000, 0x0000000087700000, 0x00000000d6000000)
  object space 89088K, 27% used [0x0000000082000000,0x00000000837f1538,0x0000000087700000)
 Metaspace       used 55830K, capacity 58918K, committed 59028K, reserved 1099776K
  class space    used 7604K, capacity 8138K, committed 8192K, reserved 1048576K
}
Event: 21.805 GC heap before
{Heap before GC invocations=12 (full 3):
 PSYoungGen      total 231424K, used 9240K [0x00000000d6000000, 0x00000000ea680000, 0x0000000100000000)
  eden space 208384K, 0% used [0x00000000d6000000,0x00000000d6000000,0x00000000e2b80000)
  from space 23040K, 40% used [0x00000000e2b80000,0x00000000e34860c0,0x00000000e4200000)
  to   space 22016K, 0% used [0x00000000e9100000,0x00000000e9100000,0x00000000ea680000)
 ParOldGen       total 89088K, used 24517K [0x0000000082000000, 0x0000000087700000, 0x00000000d6000000)
  object space 89088K, 27% used [0x0000000082000000,0x00000000837f1538,0x0000000087700000)
 Metaspace       used 55830K, capacity 58918K, committed 59028K, reserved 1099776K
  class space    used 7604K, capacity 8138K, committed 8192K, reserved 1048576K
Event: 22.024 GC heap after
Heap after GC invocations=12 (full 3):
 PSYoungGen      total 231424K, used 0K [0x00000000d6000000, 0x00000000ea680000, 0x0000000100000000)
  eden space 208384K, 0% used [0x00000000d6000000,0x00000000d6000000,0x00000000e2b80000)
  from space 23040K, 0% used [0x00000000e2b80000,0x00000000e2b80000,0x00000000e4200000)
  to   space 22016K, 0% used [0x00000000e9100000,0x00000000e9100000,0x00000000ea680000)
 ParOldGen       total 103936K, used 22765K [0x0000000082000000, 0x0000000088580000, 0x00000000d6000000)
  object space 103936K, 21% used [0x0000000082000000,0x000000008363b480,0x0000000088580000)
 Metaspace       used 55830K, capacity 58918K, committed 59028K, reserved 1099776K
  class space    used 7604K, capacity 8138K, committed 8192K, reserved 1048576K
}
Event: 113.885 GC heap before
{Heap before GC invocations=13 (full 3):
 PSYoungGen      total 231424K, used 208384K [0x00000000d6000000, 0x00000000ea680000, 0x0000000100000000)
  eden space 208384K, 100% used [0x00000000d6000000,0x00000000e2b80000,0x00000000e2b80000)
  from space 23040K, 0% used [0x00000000e2b80000,0x00000000e2b80000,0x00000000e4200000)
  to   space 22016K, 0% used [0x00000000e9100000,0x00000000e9100000,0x00000000ea680000)
 ParOldGen       total 103936K, used 22765K [0x0000000082000000, 0x0000000088580000, 0x00000000d6000000)
  object space 103936K, 21% used [0x0000000082000000,0x000000008363b480,0x0000000088580000)
 Metaspace       used 64118K, capacity 67940K, committed 68184K, reserved 1107968K
  class space    used 8402K, capacity 9045K, committed 9088K, reserved 1048576K
Event: 113.910 GC heap after
Heap after GC invocations=13 (full 3):
 PSYoungGen      total 275456K, used 8904K [0x00000000d6000000, 0x00000000e9a00000, 0x0000000100000000)
  eden space 266240K, 0% used [0x00000000d6000000,0x00000000d6000000,0x00000000e6400000)
  from space 9216K, 96% used [0x00000000e9100000,0x00000000e99b2120,0x00000000e9a00000)
  to   space 21504K, 0% used [0x00000000e7000000,0x00000000e7000000,0x00000000e8500000)
 ParOldGen       total 103936K, used 22773K [0x0000000082000000, 0x0000000088580000, 0x00000000d6000000)
  object space 103936K, 21% used [0x0000000082000000,0x000000008363d480,0x0000000088580000)
 Metaspace       used 64118K, capacity 67940K, committed 68184K, reserved 1107968K
  class space    used 8402K, capacity 9045K, committed 9088K, reserved 1048576K
}
Event: 144.246 GC heap before
{Heap before GC invocations=14 (full 3):
 PSYoungGen      total 275456K, used 275144K [0x00000000d6000000, 0x00000000e9a00000, 0x0000000100000000)
  eden space 266240K, 100% used [0x00000000d6000000,0x00000000e6400000,0x00000000e6400000)
  from space 9216K, 96% used [0x00000000e9100000,0x00000000e99b2120,0x00000000e9a00000)
  to   space 21504K, 0% used [0x00000000e7000000,0x00000000e7000000,0x00000000e8500000)
 ParOldGen       total 103936K, used 22773K [0x0000000082000000, 0x0000000088580000, 0x00000000d6000000)
  object space 103936K, 21% used [0x0000000082000000,0x000000008363d480,0x0000000088580000)
 Metaspace       used 64415K, capacity 68214K, committed 68440K, reserved 1107968K
  class space    used 8416K, capacity 9048K, committed 9088K, reserved 1048576K
Event: 144.265 GC heap after
Heap after GC invocations=14 (full 3):
 PSYoungGen      total 300032K, used 4613K [0x00000000d6000000, 0x00000000ecb80000, 0x0000000100000000)
  eden space 278528K, 0% used [0x00000000d6000000,0x00000000d6000000,0x00000000e7000000)
  from space 21504K, 21% used [0x00000000e7000000,0x00000000e74815d0,0x00000000e8500000)
  to   space 21504K, 0% used [0x00000000eb680000,0x00000000eb680000,0x00000000ecb80000)
 ParOldGen       total 103936K, used 22781K [0x0000000082000000, 0x0000000088580000, 0x00000000d6000000)
  object space 103936K, 21% used [0x0000000082000000,0x000000008363f480,0x0000000088580000)
 Metaspace       used 64415K, capacity 68214K, committed 68440K, reserved 1107968K
  class space    used 8416K, capacity 9048K, committed 9088K, reserved 1048576K
}
Event: 368.446 GC heap before
{Heap before GC invocations=15 (full 3):
 PSYoungGen      total 300032K, used 283141K [0x00000000d6000000, 0x00000000ecb80000, 0x0000000100000000)
  eden space 278528K, 100% used [0x00000000d6000000,0x00000000e7000000,0x00000000e7000000)
  from space 21504K, 21% used [0x00000000e7000000,0x00000000e74815d0,0x00000000e8500000)
  to   space 21504K, 0% used [0x00000000eb680000,0x00000000eb680000,0x00000000ecb80000)
 ParOldGen       total 103936K, used 22781K [0x0000000082000000, 0x0000000088580000, 0x00000000d6000000)
  object space 103936K, 21% used [0x0000000082000000,0x000000008363f480,0x0000000088580000)
 Metaspace       used 64460K, capacity 68278K, committed 68440K, reserved 1107968K
  class space    used 8416K, capacity 9048K, committed 9088K, reserved 1048576K
Event: 368.460 GC heap after
Heap after GC invocations=15 (full 3):
 PSYoungGen      total 350720K, used 4640K [0x00000000d6000000, 0x00000000ed000000, 0x0000000100000000)
  eden space 329216K, 0% used [0x00000000d6000000,0x00000000d6000000,0x00000000ea180000)
  from space 21504K, 21% used [0x00000000eb680000,0x00000000ebb08228,0x00000000ecb80000)
  to   space 21504K, 0% used [0x00000000ea180000,0x00000000ea180000,0x00000000eb680000)
 ParOldGen       total 103936K, used 22789K [0x0000000082000000, 0x0000000088580000, 0x00000000d6000000)
  object space 103936K, 21% used [0x0000000082000000,0x0000000083641480,0x0000000088580000)
 Metaspace       used 64460K, capacity 68278K, committed 68440K, reserved 1107968K
  class space    used 8416K, capacity 9048K, committed 9088K, reserved 1048576K
}

